[debug] [2025-05-18T14:54:04.831Z] ----------------------------------------------------------------------
[debug] [2025-05-18T14:54:04.836Z] Command:       /nix/store/rbdrkcs5kkwpalxcd7c6bnm33lk2955n-nodejs-20.19.0/bin/node /nix/store/x1y0l2xj62jgmz6csprhhqzibvdggdpk-firebase-tools-14.3.1/lib/node_modules/firebase-tools/lib/bin/firebase.js apphosting:backends:create --project math-whiz-c5fo4
[debug] [2025-05-18T14:54:04.837Z] CLI Version:   14.3.1
[debug] [2025-05-18T14:54:04.838Z] Platform:      linux
[debug] [2025-05-18T14:54:04.838Z] Node Version:  v20.19.0
[debug] [2025-05-18T14:54:04.838Z] Time:          Sun May 18 2025 14:54:04 GMT+0000 (Coordinated Universal Time)
[debug] [2025-05-18T14:54:04.838Z] ----------------------------------------------------------------------
[debug] 
[debug] [2025-05-18T14:54:04.853Z] > command requires scopes: ["email","openid","https://www.googleapis.com/auth/cloudplatformprojects.readonly","https://www.googleapis.com/auth/firebase","https://www.googleapis.com/auth/cloud-platform"]
[debug] [2025-05-18T14:54:04.854Z] > authorizing via signed-in user (dzakic@gmail.com)
[debug] [2025-05-18T14:54:04.857Z] Checked if tokens are valid: true, expires at: 1747581314017
[debug] [2025-05-18T14:54:04.857Z] Checked if tokens are valid: true, expires at: 1747581314017
[debug] [2025-05-18T14:54:04.859Z] >>> [apiv2][query] GET https://serviceusage.googleapis.com/v1/projects/math-whiz-c5fo4/services/firebaseapphosting.googleapis.com [none]
[debug] [2025-05-18T14:54:04.859Z] >>> [apiv2][(partial)header] GET https://serviceusage.googleapis.com/v1/projects/math-whiz-c5fo4/services/firebaseapphosting.googleapis.com x-goog-quota-user=projects/math-whiz-c5fo4
[debug] [2025-05-18T14:54:05.981Z] <<< [apiv2][status] GET https://serviceusage.googleapis.com/v1/projects/math-whiz-c5fo4/services/firebaseapphosting.googleapis.com 200
[debug] [2025-05-18T14:54:05.982Z] <<< [apiv2][body] GET https://serviceusage.googleapis.com/v1/projects/math-whiz-c5fo4/services/firebaseapphosting.googleapis.com [omitted]
[debug] [2025-05-18T14:54:05.984Z] Checked if tokens are valid: true, expires at: 1747581314017
[debug] [2025-05-18T14:54:05.984Z] Checked if tokens are valid: true, expires at: 1747581314017
[debug] [2025-05-18T14:54:05.984Z] >>> [apiv2][query] GET https://mobilesdk-pa.googleapis.com/v1/accessmanagement/tos:getStatus [none]
[debug] [2025-05-18T14:54:06.242Z] <<< [apiv2][status] GET https://mobilesdk-pa.googleapis.com/v1/accessmanagement/tos:getStatus 200
[debug] [2025-05-18T14:54:06.243Z] <<< [apiv2][body] GET https://mobilesdk-pa.googleapis.com/v1/accessmanagement/tos:getStatus {"overallStatus":"ACCEPTED","uTosStatus":{"tos":{"id":"firebase","tosId":"FIREBASE_UNIVERSAL"},"status":"ACCEPTED","acceptedVersion":7},"childTosStatus":[{"tos":{"id":"cloud","tosId":"CLOUD_PLATFORM"},"status":"ACCEPTED","acceptedVersion":36},{"tos":{"id":"firebase_b2b","tosId":"FIREBASE_B2B"},"status":"ACCEPTED","acceptedVersion":1},{"tos":{"id":"universal","tosId":"GOOGLE_APIS"},"status":"ACCEPTED","acceptedVersion":6}],"termsUrl":"https://firebase.google.com/terms","perServiceStatus":[{"tosId":"APP_CHECK","serviceStatus":{"tos":{"id":"app_check","tosId":"APP_CHECK"},"status":"ACCEPTED","acceptedVersion":3}},{"tosId":"APP_HOSTING_TOS","serviceStatus":{"tos":{"id":"app_hosting","tosId":"APP_HOSTING_TOS"},"status":"ACCEPTED","acceptedVersion":3}},{"tosId":"FIREBASE_DATA_CONNECT","serviceStatus":{"tos":{"id":"data_connect","tosId":"FIREBASE_DATA_CONNECT"},"status":"ACCEPTED","acceptedVersion":3}},{"tosId":"CORE_APPS","serviceStatus":{"tos":{"id":"core_apps","tosId":"CORE_APPS"},"status":"ACCEPTED","acceptedVersion":1}},{"tosId":"VERTEX_AI_IN_FIREBASE","serviceStatus":{"tos":{"id":"vertex_ai_in_firebase","tosId":"VERTEX_AI_IN_FIREBASE"},"status":"ACCEPTED","acceptedVersion":2}},{"tosId":"FIREBASE_CRASHLYTICS_APP_DISTRIBUTION","serviceStatus":{"tos":{"id":"firebase_crashlytics_app_distribution","tosId":"FIREBASE_CRASHLYTICS_APP_DISTRIBUTION"},"status":"ACCEPTED","acceptedVersion":4}},{"tosId":"GENERATIVE_LANGUAGE","serviceStatus":{"tos":{"id":"generative-language-api","tosId":"GENERATIVE_LANGUAGE"},"status":"ACCEPTED","acceptedVersion":3}}]}
[debug] [2025-05-18T14:54:06.244Z] Checked if tokens are valid: true, expires at: 1747581314017
[debug] [2025-05-18T14:54:06.244Z] Checked if tokens are valid: true, expires at: 1747581314017
[debug] [2025-05-18T14:54:06.245Z] Checked if tokens are valid: true, expires at: 1747581314017
[debug] [2025-05-18T14:54:06.245Z] Checked if tokens are valid: true, expires at: 1747581314017
[debug] [2025-05-18T14:54:06.245Z] Checked if tokens are valid: true, expires at: 1747581314017
[debug] [2025-05-18T14:54:06.245Z] Checked if tokens are valid: true, expires at: 1747581314017
[debug] [2025-05-18T14:54:06.246Z] Checked if tokens are valid: true, expires at: 1747581314017
[debug] [2025-05-18T14:54:06.246Z] Checked if tokens are valid: true, expires at: 1747581314017
[debug] [2025-05-18T14:54:06.246Z] Checked if tokens are valid: true, expires at: 1747581314017
[debug] [2025-05-18T14:54:06.246Z] Checked if tokens are valid: true, expires at: 1747581314017
[debug] [2025-05-18T14:54:06.247Z] Checked if tokens are valid: true, expires at: 1747581314017
[debug] [2025-05-18T14:54:06.247Z] Checked if tokens are valid: true, expires at: 1747581314017
[debug] [2025-05-18T14:54:06.247Z] >>> [apiv2][query] GET https://serviceusage.googleapis.com/v1/projects/math-whiz-c5fo4/services/developerconnect.googleapis.com [none]
[debug] [2025-05-18T14:54:06.247Z] >>> [apiv2][(partial)header] GET https://serviceusage.googleapis.com/v1/projects/math-whiz-c5fo4/services/developerconnect.googleapis.com x-goog-quota-user=projects/math-whiz-c5fo4
[debug] [2025-05-18T14:54:06.249Z] >>> [apiv2][query] GET https://serviceusage.googleapis.com/v1/projects/math-whiz-c5fo4/services/cloudbuild.googleapis.com [none]
[debug] [2025-05-18T14:54:06.249Z] >>> [apiv2][(partial)header] GET https://serviceusage.googleapis.com/v1/projects/math-whiz-c5fo4/services/cloudbuild.googleapis.com x-goog-quota-user=projects/math-whiz-c5fo4
[debug] [2025-05-18T14:54:06.251Z] >>> [apiv2][query] GET https://serviceusage.googleapis.com/v1/projects/math-whiz-c5fo4/services/secretmanager.googleapis.com [none]
[debug] [2025-05-18T14:54:06.251Z] >>> [apiv2][(partial)header] GET https://serviceusage.googleapis.com/v1/projects/math-whiz-c5fo4/services/secretmanager.googleapis.com x-goog-quota-user=projects/math-whiz-c5fo4
[debug] [2025-05-18T14:54:06.255Z] >>> [apiv2][query] GET https://serviceusage.googleapis.com/v1/projects/math-whiz-c5fo4/services/run.googleapis.com [none]
[debug] [2025-05-18T14:54:06.255Z] >>> [apiv2][(partial)header] GET https://serviceusage.googleapis.com/v1/projects/math-whiz-c5fo4/services/run.googleapis.com x-goog-quota-user=projects/math-whiz-c5fo4
[debug] [2025-05-18T14:54:06.258Z] >>> [apiv2][query] GET https://serviceusage.googleapis.com/v1/projects/math-whiz-c5fo4/services/artifactregistry.googleapis.com [none]
[debug] [2025-05-18T14:54:06.258Z] >>> [apiv2][(partial)header] GET https://serviceusage.googleapis.com/v1/projects/math-whiz-c5fo4/services/artifactregistry.googleapis.com x-goog-quota-user=projects/math-whiz-c5fo4
[debug] [2025-05-18T14:54:06.260Z] >>> [apiv2][query] GET https://serviceusage.googleapis.com/v1/projects/math-whiz-c5fo4/services/iam.googleapis.com [none]
[debug] [2025-05-18T14:54:06.260Z] >>> [apiv2][(partial)header] GET https://serviceusage.googleapis.com/v1/projects/math-whiz-c5fo4/services/iam.googleapis.com x-goog-quota-user=projects/math-whiz-c5fo4
[debug] [2025-05-18T14:54:06.638Z] <<< [apiv2][status] GET https://serviceusage.googleapis.com/v1/projects/math-whiz-c5fo4/services/developerconnect.googleapis.com 200
[debug] [2025-05-18T14:54:06.638Z] <<< [apiv2][body] GET https://serviceusage.googleapis.com/v1/projects/math-whiz-c5fo4/services/developerconnect.googleapis.com [omitted]
[debug] [2025-05-18T14:54:07.595Z] <<< [apiv2][status] GET https://serviceusage.googleapis.com/v1/projects/math-whiz-c5fo4/services/secretmanager.googleapis.com 200
[debug] [2025-05-18T14:54:07.595Z] <<< [apiv2][body] GET https://serviceusage.googleapis.com/v1/projects/math-whiz-c5fo4/services/secretmanager.googleapis.com [omitted]
[debug] [2025-05-18T14:54:07.667Z] <<< [apiv2][status] GET https://serviceusage.googleapis.com/v1/projects/math-whiz-c5fo4/services/iam.googleapis.com 200
[debug] [2025-05-18T14:54:07.667Z] <<< [apiv2][body] GET https://serviceusage.googleapis.com/v1/projects/math-whiz-c5fo4/services/iam.googleapis.com [omitted]
[debug] [2025-05-18T14:54:07.668Z] <<< [apiv2][status] GET https://serviceusage.googleapis.com/v1/projects/math-whiz-c5fo4/services/cloudbuild.googleapis.com 200
[debug] [2025-05-18T14:54:07.668Z] <<< [apiv2][body] GET https://serviceusage.googleapis.com/v1/projects/math-whiz-c5fo4/services/cloudbuild.googleapis.com [omitted]
[debug] [2025-05-18T14:54:07.670Z] <<< [apiv2][status] GET https://serviceusage.googleapis.com/v1/projects/math-whiz-c5fo4/services/artifactregistry.googleapis.com 200
[debug] [2025-05-18T14:54:07.671Z] <<< [apiv2][body] GET https://serviceusage.googleapis.com/v1/projects/math-whiz-c5fo4/services/artifactregistry.googleapis.com [omitted]
[debug] [2025-05-18T14:54:07.675Z] <<< [apiv2][status] GET https://serviceusage.googleapis.com/v1/projects/math-whiz-c5fo4/services/run.googleapis.com 200
[debug] [2025-05-18T14:54:07.675Z] <<< [apiv2][body] GET https://serviceusage.googleapis.com/v1/projects/math-whiz-c5fo4/services/run.googleapis.com [omitted]
[debug] [2025-05-18T14:54:07.676Z] Checked if tokens are valid: true, expires at: 1747581314017
[debug] [2025-05-18T14:54:07.676Z] Checked if tokens are valid: true, expires at: 1747581314017
[debug] [2025-05-18T14:54:07.679Z] >>> [apiv2][query] POST https://iam.googleapis.com/v1/projects/math-whiz-c5fo4/serviceAccounts/firebase-app-hosting-compute@math-whiz-c5fo4.iam.gserviceaccount.com:testIamPermissions [none]
[debug] [2025-05-18T14:54:07.679Z] >>> [apiv2][(partial)header] POST https://iam.googleapis.com/v1/projects/math-whiz-c5fo4/serviceAccounts/firebase-app-hosting-compute@math-whiz-c5fo4.iam.gserviceaccount.com:testIamPermissions x-goog-quota-user=projects/math-whiz-c5fo4
[debug] [2025-05-18T14:54:07.679Z] >>> [apiv2][body] POST https://iam.googleapis.com/v1/projects/math-whiz-c5fo4/serviceAccounts/firebase-app-hosting-compute@math-whiz-c5fo4.iam.gserviceaccount.com:testIamPermissions {"permissions":["iam.serviceAccounts.actAs"]}
[debug] [2025-05-18T14:54:08.736Z] <<< [apiv2][status] POST https://iam.googleapis.com/v1/projects/math-whiz-c5fo4/serviceAccounts/firebase-app-hosting-compute@math-whiz-c5fo4.iam.gserviceaccount.com:testIamPermissions 200
[debug] [2025-05-18T14:54:08.736Z] <<< [apiv2][body] POST https://iam.googleapis.com/v1/projects/math-whiz-c5fo4/serviceAccounts/firebase-app-hosting-compute@math-whiz-c5fo4.iam.gserviceaccount.com:testIamPermissions {"permissions":["iam.serviceAccounts.actAs"]}
[debug] [2025-05-18T14:54:08.737Z] Checked if tokens are valid: true, expires at: 1747581314017
[debug] [2025-05-18T14:54:08.737Z] Checked if tokens are valid: true, expires at: 1747581314017
[debug] [2025-05-18T14:54:08.738Z] >>> [apiv2][query] GET https://firebaseapphosting.googleapis.com/v1beta/projects/math-whiz-c5fo4/locations 
[debug] [2025-05-18T14:54:09.773Z] <<< [apiv2][status] GET https://firebaseapphosting.googleapis.com/v1beta/projects/math-whiz-c5fo4/locations 200
[debug] [2025-05-18T14:54:09.773Z] <<< [apiv2][body] GET https://firebaseapphosting.googleapis.com/v1beta/projects/math-whiz-c5fo4/locations {"locations":[{"name":"projects/math-whiz-c5fo4/locations/asia-east1","locationId":"asia-east1","displayName":"Taiwan"},{"name":"projects/math-whiz-c5fo4/locations/europe-west4","locationId":"europe-west4","displayName":"Netherlands"},{"name":"projects/math-whiz-c5fo4/locations/us-central1","locationId":"us-central1","displayName":"Iowa"}]}
[info] ✔  Location set to asia-east1.
 
[info] i  === Import a GitHub repository 
[debug] [2025-05-18T14:54:13.189Z] Checked if tokens are valid: true, expires at: 1747581314017
[debug] [2025-05-18T14:54:13.189Z] Checked if tokens are valid: true, expires at: 1747581314017
[debug] [2025-05-18T14:54:13.190Z] >>> [apiv2][query] GET https://developerconnect.googleapis.com/v1/projects/math-whiz-c5fo4/locations/asia-east1/connections pageSize=1000&pageToken=
[debug] [2025-05-18T14:54:13.291Z] <<< [apiv2][status] GET https://developerconnect.googleapis.com/v1/projects/math-whiz-c5fo4/locations/asia-east1/connections 200
[debug] [2025-05-18T14:54:13.292Z] <<< [apiv2][body] GET https://developerconnect.googleapis.com/v1/projects/math-whiz-c5fo4/locations/asia-east1/connections {"connections":[{"name":"projects/math-whiz-c5fo4/locations/asia-east1/connections/firebase-app-hosting-github-oauth","createTime":"2025-05-18T10:05:49.496413066Z","updateTime":"2025-05-18T10:05:49.541441980Z","githubConfig":{"githubApp":"FIREBASE"},"installationState":{"stage":"PENDING_USER_OAUTH","message":"Please log in to https://github.com using a robot account and then follow this link to authorize Developer Connect to access that account. After authorization, your GitHub authorization token will be stored in Cloud Secret Manager.","actionUri":"https://accounts.google.com/AccountChooser?continue=https%3A%2F%2Fconsole.cloud.google.com%2Fdeveloper-connect%2Ffinish-setup%3Fstate%3D%257B%2522connection%2522%253A%2B%2522projects%252Fmath-whiz-c5fo4%252Flocations%252Fasia-east1%252Fconnections%252Ffirebase-app-hosting-github-oauth%2522%257D"}}]}
[debug] [2025-05-18T14:54:13.293Z] Checked if tokens are valid: true, expires at: 1747581314017
[debug] [2025-05-18T14:54:13.293Z] Checked if tokens are valid: true, expires at: 1747581314017
[debug] [2025-05-18T14:54:13.293Z] >>> [apiv2][query] GET https://serviceusage.googleapis.com/v1/projects/math-whiz-c5fo4/services/cloudresourcemanager.googleapis.com [none]
[debug] [2025-05-18T14:54:13.293Z] >>> [apiv2][(partial)header] GET https://serviceusage.googleapis.com/v1/projects/math-whiz-c5fo4/services/cloudresourcemanager.googleapis.com x-goog-quota-user=projects/math-whiz-c5fo4
[debug] [2025-05-18T14:54:14.342Z] <<< [apiv2][status] GET https://serviceusage.googleapis.com/v1/projects/math-whiz-c5fo4/services/cloudresourcemanager.googleapis.com 200
[debug] [2025-05-18T14:54:14.343Z] <<< [apiv2][body] GET https://serviceusage.googleapis.com/v1/projects/math-whiz-c5fo4/services/cloudresourcemanager.googleapis.com [omitted]
[debug] [2025-05-18T14:54:14.343Z] Checked if tokens are valid: true, expires at: 1747581314017
[debug] [2025-05-18T14:54:14.343Z] Checked if tokens are valid: true, expires at: 1747581314017
[debug] [2025-05-18T14:54:14.343Z] >>> [apiv2][query] GET https://cloudresourcemanager.googleapis.com/v1/projects/math-whiz-c5fo4 [none]
[debug] [2025-05-18T14:54:14.676Z] <<< [apiv2][status] GET https://cloudresourcemanager.googleapis.com/v1/projects/math-whiz-c5fo4 200
[debug] [2025-05-18T14:54:14.676Z] <<< [apiv2][body] GET https://cloudresourcemanager.googleapis.com/v1/projects/math-whiz-c5fo4 {"projectNumber":"653563776030","projectId":"math-whiz-c5fo4","lifecycleState":"ACTIVE","name":"Math Whiz","labels":{"monospace-workspace-id":"studio-20164070","firebase":"enabled","firebase-core":"disabled","generative-language":"enabled"},"createTime":"2025-05-18T00:28:56.282340Z"}
[debug] [2025-05-18T14:54:14.677Z] Checked if tokens are valid: true, expires at: 1747581314017
[debug] [2025-05-18T14:54:14.677Z] Checked if tokens are valid: true, expires at: 1747581314017
[debug] [2025-05-18T14:54:14.677Z] >>> [apiv2][query] POST https://cloudresourcemanager.googleapis.com/v1/projects/math-whiz-c5fo4:getIamPolicy [none]
[debug] [2025-05-18T14:54:15.205Z] <<< [apiv2][status] POST https://cloudresourcemanager.googleapis.com/v1/projects/math-whiz-c5fo4:getIamPolicy 200
[debug] [2025-05-18T14:54:15.205Z] <<< [apiv2][body] POST https://cloudresourcemanager.googleapis.com/v1/projects/math-whiz-c5fo4:getIamPolicy {"version":1,"etag":"BwY1ZijhyO0=","bindings":[{"role":"roles/cloudbuild.builds.builder","members":["serviceAccount:653563776030@cloudbuild.gserviceaccount.com"]},{"role":"roles/cloudbuild.serviceAgent","members":["serviceAccount:service-653563776030@gcp-sa-cloudbuild.iam.gserviceaccount.com"]},{"role":"roles/containerregistry.ServiceAgent","members":["serviceAccount:service-653563776030@containerregistry.iam.gserviceaccount.com"]},{"role":"roles/developerconnect.readTokenAccessor","members":["serviceAccount:firebase-app-hosting-compute@math-whiz-c5fo4.iam.gserviceaccount.com"]},{"role":"roles/developerconnect.serviceAgent","members":["serviceAccount:service-653563776030@gcp-sa-devconnect.iam.gserviceaccount.com"]},{"role":"roles/editor","members":["serviceAccount:653563776030-compute@developer.gserviceaccount.com"]},{"role":"roles/firebase.managementServiceAgent","members":["serviceAccount:service-653563776030@gcp-sa-firebase.iam.gserviceaccount.com"]},{"role":"roles/firebase.sdkAdminServiceAgent","members":["serviceAccount:firebase-adminsdk-fbsvc@math-whiz-c5fo4.iam.gserviceaccount.com","serviceAccount:firebase-app-hosting-compute@math-whiz-c5fo4.iam.gserviceaccount.com"]},{"role":"roles/firebaseapphosting.computeRunner","members":["serviceAccount:firebase-app-hosting-compute@math-whiz-c5fo4.iam.gserviceaccount.com"]},{"role":"roles/firebaseapphosting.serviceAgent","members":["serviceAccount:service-653563776030@gcp-sa-firebaseapphosting.iam.gserviceaccount.com"]},{"role":"roles/iam.serviceAccountTokenCreator","members":["serviceAccount:firebase-adminsdk-fbsvc@math-whiz-c5fo4.iam.gserviceaccount.com"]},{"role":"roles/owner","members":["user:dzakic@gmail.com"]},{"role":"roles/run.serviceAgent","members":["serviceAccount:service-653563776030@serverless-robot-prod.iam.gserviceaccount.com"]},{"role":"roles/secretmanager.admin_withcond_add9f773820b3386c80b","members":["serviceAccount:service-653563776030@gcp-sa-devconnect.iam.gserviceaccount.com"]}]}
[info] i  To create a new GitHub connection, Secret Manager Admin role (roles/secretmanager.admin) is required on the Developer Connect Service Agent. 
[debug] [2025-05-18T14:54:20.641Z] Checked if tokens are valid: true, expires at: 1747581314017
[debug] [2025-05-18T14:54:20.642Z] Checked if tokens are valid: true, expires at: 1747581314017
[debug] [2025-05-18T14:54:20.644Z] >>> [apiv2][query] POST https://cloudresourcemanager.googleapis.com/v1/projects/math-whiz-c5fo4:getIamPolicy [none]
[debug] [2025-05-18T14:54:21.507Z] <<< [apiv2][status] POST https://cloudresourcemanager.googleapis.com/v1/projects/math-whiz-c5fo4:getIamPolicy 200
[debug] [2025-05-18T14:54:21.507Z] <<< [apiv2][body] POST https://cloudresourcemanager.googleapis.com/v1/projects/math-whiz-c5fo4:getIamPolicy {"version":1,"etag":"BwY1ZijhyO0=","bindings":[{"role":"roles/cloudbuild.builds.builder","members":["serviceAccount:653563776030@cloudbuild.gserviceaccount.com"]},{"role":"roles/cloudbuild.serviceAgent","members":["serviceAccount:service-653563776030@gcp-sa-cloudbuild.iam.gserviceaccount.com"]},{"role":"roles/containerregistry.ServiceAgent","members":["serviceAccount:service-653563776030@containerregistry.iam.gserviceaccount.com"]},{"role":"roles/developerconnect.readTokenAccessor","members":["serviceAccount:firebase-app-hosting-compute@math-whiz-c5fo4.iam.gserviceaccount.com"]},{"role":"roles/developerconnect.serviceAgent","members":["serviceAccount:service-653563776030@gcp-sa-devconnect.iam.gserviceaccount.com"]},{"role":"roles/editor","members":["serviceAccount:653563776030-compute@developer.gserviceaccount.com"]},{"role":"roles/firebase.managementServiceAgent","members":["serviceAccount:service-653563776030@gcp-sa-firebase.iam.gserviceaccount.com"]},{"role":"roles/firebase.sdkAdminServiceAgent","members":["serviceAccount:firebase-adminsdk-fbsvc@math-whiz-c5fo4.iam.gserviceaccount.com","serviceAccount:firebase-app-hosting-compute@math-whiz-c5fo4.iam.gserviceaccount.com"]},{"role":"roles/firebaseapphosting.computeRunner","members":["serviceAccount:firebase-app-hosting-compute@math-whiz-c5fo4.iam.gserviceaccount.com"]},{"role":"roles/firebaseapphosting.serviceAgent","members":["serviceAccount:service-653563776030@gcp-sa-firebaseapphosting.iam.gserviceaccount.com"]},{"role":"roles/iam.serviceAccountTokenCreator","members":["serviceAccount:firebase-adminsdk-fbsvc@math-whiz-c5fo4.iam.gserviceaccount.com"]},{"role":"roles/owner","members":["user:dzakic@gmail.com"]},{"role":"roles/run.serviceAgent","members":["serviceAccount:service-653563776030@serverless-robot-prod.iam.gserviceaccount.com"]},{"role":"roles/secretmanager.admin_withcond_add9f773820b3386c80b","members":["serviceAccount:service-653563776030@gcp-sa-devconnect.iam.gserviceaccount.com"]}]}
[debug] [2025-05-18T14:54:21.508Z] Checked if tokens are valid: true, expires at: 1747581314017
[debug] [2025-05-18T14:54:21.509Z] Checked if tokens are valid: true, expires at: 1747581314017
[debug] [2025-05-18T14:54:21.509Z] >>> [apiv2][query] POST https://cloudresourcemanager.googleapis.com/v1/projects/math-whiz-c5fo4:setIamPolicy [none]
[debug] [2025-05-18T14:54:21.512Z] >>> [apiv2][body] POST https://cloudresourcemanager.googleapis.com/v1/projects/math-whiz-c5fo4:setIamPolicy {"policy":{"version":1,"etag":"BwY1ZijhyO0=","bindings":[{"role":"roles/cloudbuild.builds.builder","members":["serviceAccount:653563776030@cloudbuild.gserviceaccount.com"]},{"role":"roles/cloudbuild.serviceAgent","members":["serviceAccount:service-653563776030@gcp-sa-cloudbuild.iam.gserviceaccount.com"]},{"role":"roles/containerregistry.ServiceAgent","members":["serviceAccount:service-653563776030@containerregistry.iam.gserviceaccount.com"]},{"role":"roles/developerconnect.readTokenAccessor","members":["serviceAccount:firebase-app-hosting-compute@math-whiz-c5fo4.iam.gserviceaccount.com"]},{"role":"roles/developerconnect.serviceAgent","members":["serviceAccount:service-653563776030@gcp-sa-devconnect.iam.gserviceaccount.com"]},{"role":"roles/editor","members":["serviceAccount:653563776030-compute@developer.gserviceaccount.com"]},{"role":"roles/firebase.managementServiceAgent","members":["serviceAccount:service-653563776030@gcp-sa-firebase.iam.gserviceaccount.com"]},{"role":"roles/firebase.sdkAdminServiceAgent","members":["serviceAccount:firebase-adminsdk-fbsvc@math-whiz-c5fo4.iam.gserviceaccount.com","serviceAccount:firebase-app-hosting-compute@math-whiz-c5fo4.iam.gserviceaccount.com"]},{"role":"roles/firebaseapphosting.computeRunner","members":["serviceAccount:firebase-app-hosting-compute@math-whiz-c5fo4.iam.gserviceaccount.com"]},{"role":"roles/firebaseapphosting.serviceAgent","members":["serviceAccount:service-653563776030@gcp-sa-firebaseapphosting.iam.gserviceaccount.com"]},{"role":"roles/iam.serviceAccountTokenCreator","members":["serviceAccount:firebase-adminsdk-fbsvc@math-whiz-c5fo4.iam.gserviceaccount.com"]},{"role":"roles/owner","members":["user:dzakic@gmail.com"]},{"role":"roles/run.serviceAgent","members":["serviceAccount:service-653563776030@serverless-robot-prod.iam.gserviceaccount.com"]},{"role":"roles/secretmanager.admin_withcond_add9f773820b3386c80b","members":["serviceAccount:service-653563776030@gcp-sa-devconnect.iam.gserviceaccount.com"]},{"role":"roles/secretmanager.admin","members":["serviceAccount:service-653563776030@gcp-sa-devconnect.iam.gserviceaccount.com"]}]},"updateMask":"bindings"}
[debug] [2025-05-18T14:54:22.343Z] <<< [apiv2][status] POST https://cloudresourcemanager.googleapis.com/v1/projects/math-whiz-c5fo4:setIamPolicy 200
[debug] [2025-05-18T14:54:22.344Z] <<< [apiv2][body] POST https://cloudresourcemanager.googleapis.com/v1/projects/math-whiz-c5fo4:setIamPolicy {"version":1,"etag":"BwY1ajDTwAE=","bindings":[{"role":"roles/cloudbuild.builds.builder","members":["serviceAccount:653563776030@cloudbuild.gserviceaccount.com"]},{"role":"roles/cloudbuild.serviceAgent","members":["serviceAccount:service-653563776030@gcp-sa-cloudbuild.iam.gserviceaccount.com"]},{"role":"roles/containerregistry.ServiceAgent","members":["serviceAccount:service-653563776030@containerregistry.iam.gserviceaccount.com"]},{"role":"roles/developerconnect.readTokenAccessor","members":["serviceAccount:firebase-app-hosting-compute@math-whiz-c5fo4.iam.gserviceaccount.com"]},{"role":"roles/developerconnect.serviceAgent","members":["serviceAccount:service-653563776030@gcp-sa-devconnect.iam.gserviceaccount.com"]},{"role":"roles/editor","members":["serviceAccount:653563776030-compute@developer.gserviceaccount.com"]},{"role":"roles/firebase.managementServiceAgent","members":["serviceAccount:service-653563776030@gcp-sa-firebase.iam.gserviceaccount.com"]},{"role":"roles/firebase.sdkAdminServiceAgent","members":["serviceAccount:firebase-adminsdk-fbsvc@math-whiz-c5fo4.iam.gserviceaccount.com","serviceAccount:firebase-app-hosting-compute@math-whiz-c5fo4.iam.gserviceaccount.com"]},{"role":"roles/firebaseapphosting.computeRunner","members":["serviceAccount:firebase-app-hosting-compute@math-whiz-c5fo4.iam.gserviceaccount.com"]},{"role":"roles/firebaseapphosting.serviceAgent","members":["serviceAccount:service-653563776030@gcp-sa-firebaseapphosting.iam.gserviceaccount.com"]},{"role":"roles/iam.serviceAccountTokenCreator","members":["serviceAccount:firebase-adminsdk-fbsvc@math-whiz-c5fo4.iam.gserviceaccount.com"]},{"role":"roles/owner","members":["user:dzakic@gmail.com"]},{"role":"roles/run.serviceAgent","members":["serviceAccount:service-653563776030@serverless-robot-prod.iam.gserviceaccount.com"]},{"role":"roles/secretmanager.admin","members":["serviceAccount:service-653563776030@gcp-sa-devconnect.iam.gserviceaccount.com"]},{"role":"roles/secretmanager.admin_withcond_add9f773820b3386c80b","members":["serviceAccount:service-653563776030@gcp-sa-devconnect.iam.gserviceaccount.com"]}]}
[info] ✔  Successfully granted the required role to the Developer Connect Service Agent!
 
[debug] [2025-05-18T14:54:22.347Z] Checked if tokens are valid: true, expires at: 1747581314017
[debug] [2025-05-18T14:54:22.347Z] Checked if tokens are valid: true, expires at: 1747581314017
[debug] [2025-05-18T14:54:22.349Z] >>> [apiv2][query] POST https://developerconnect.googleapis.com/v1/projects/math-whiz-c5fo4/locations/asia-east1/connections connectionId=apphosting-github-conn-5n1dndq
[debug] [2025-05-18T14:54:22.349Z] >>> [apiv2][body] POST https://developerconnect.googleapis.com/v1/projects/math-whiz-c5fo4/locations/asia-east1/connections {"githubConfig":{"githubApp":"FIREBASE"}}
[debug] [2025-05-18T14:54:22.700Z] <<< [apiv2][status] POST https://developerconnect.googleapis.com/v1/projects/math-whiz-c5fo4/locations/asia-east1/connections 200
[debug] [2025-05-18T14:54:22.700Z] <<< [apiv2][body] POST https://developerconnect.googleapis.com/v1/projects/math-whiz-c5fo4/locations/asia-east1/connections {"name":"projects/math-whiz-c5fo4/locations/asia-east1/operations/operation-1747580062414-6356a30d635ec-a829d6af-966915c7","metadata":{"@type":"type.googleapis.com/google.cloud.developerconnect.v1.OperationMetadata","createTime":"2025-05-18T14:54:22.686597256Z","target":"projects/math-whiz-c5fo4/locations/asia-east1/connections/apphosting-github-conn-5n1dndq","verb":"create","requestedCancellation":false,"apiVersion":"v1"},"done":false}
[debug] [2025-05-18T14:54:22.702Z] Checked if tokens are valid: true, expires at: 1747581314017
[debug] [2025-05-18T14:54:22.704Z] Checked if tokens are valid: true, expires at: 1747581314017
[debug] [2025-05-18T14:54:22.705Z] >>> [apiv2][query] GET https://developerconnect.googleapis.com/v1/projects/math-whiz-c5fo4/locations/asia-east1/operations/operation-1747580062414-6356a30d635ec-a829d6af-966915c7 [none]
[debug] [2025-05-18T14:54:22.784Z] <<< [apiv2][status] GET https://developerconnect.googleapis.com/v1/projects/math-whiz-c5fo4/locations/asia-east1/operations/operation-1747580062414-6356a30d635ec-a829d6af-966915c7 200
[debug] [2025-05-18T14:54:22.784Z] <<< [apiv2][body] GET https://developerconnect.googleapis.com/v1/projects/math-whiz-c5fo4/locations/asia-east1/operations/operation-1747580062414-6356a30d635ec-a829d6af-966915c7 {"name":"projects/math-whiz-c5fo4/locations/asia-east1/operations/operation-1747580062414-6356a30d635ec-a829d6af-966915c7","metadata":{"@type":"type.googleapis.com/google.cloud.developerconnect.v1.OperationMetadata","createTime":"2025-05-18T14:54:22.686597256Z","endTime":"2025-05-18T14:54:22.711534391Z","target":"projects/math-whiz-c5fo4/locations/asia-east1/connections/apphosting-github-conn-5n1dndq","verb":"create","requestedCancellation":false,"apiVersion":"v1"},"done":true,"response":{"@type":"type.googleapis.com/google.cloud.developerconnect.v1.Connection","name":"projects/math-whiz-c5fo4/locations/asia-east1/connections/apphosting-github-conn-5n1dndq","createTime":"2025-05-18T14:54:22.682712125Z","updateTime":"2025-05-18T14:54:22.682712125Z","githubConfig":{"githubApp":"FIREBASE"},"installationState":{"stage":"PENDING_USER_OAUTH","message":"Please log in to https://github.com using a robot account and then follow this link to authorize Developer Connect to access that account. After authorization, your GitHub authorization token will be stored in Cloud Secret Manager.","actionUri":"https://accounts.google.com/AccountChooser?continue=https%3A%2F%2Fconsole.cloud.google.com%2Fdeveloper-connect%2Ffinish-setup%3Fstate%3D%257B%2522connection%2522%253A%2B%2522projects%252Fmath-whiz-c5fo4%252Flocations%252Fasia-east1%252Fconnections%252Fapphosting-github-conn-5n1dndq%2522%257D"}}}
[info] i  Please authorize the Firebase GitHub app by visiting this url: 
[info] i  	http://localhost:9005 
[debug] [2025-05-18T14:55:36.390Z] Checked if tokens are valid: true, expires at: 1747581314017
[debug] [2025-05-18T14:55:36.390Z] Checked if tokens are valid: true, expires at: 1747581314017
[debug] [2025-05-18T14:55:36.391Z] >>> [apiv2][query] GET https://developerconnect.googleapis.com/v1/projects/math-whiz-c5fo4/locations/asia-east1/connections/apphosting-github-conn-5n1dndq [none]
[debug] [2025-05-18T14:55:36.484Z] <<< [apiv2][status] GET https://developerconnect.googleapis.com/v1/projects/math-whiz-c5fo4/locations/asia-east1/connections/apphosting-github-conn-5n1dndq 200
[debug] [2025-05-18T14:55:36.484Z] <<< [apiv2][body] GET https://developerconnect.googleapis.com/v1/projects/math-whiz-c5fo4/locations/asia-east1/connections/apphosting-github-conn-5n1dndq {"name":"projects/math-whiz-c5fo4/locations/asia-east1/connections/apphosting-github-conn-5n1dndq","createTime":"2025-05-18T14:54:22.682712125Z","updateTime":"2025-05-18T14:54:22.721849009Z","githubConfig":{"githubApp":"FIREBASE"},"installationState":{"stage":"PENDING_USER_OAUTH","message":"Please log in to https://github.com using a robot account and then follow this link to authorize Developer Connect to access that account. After authorization, your GitHub authorization token will be stored in Cloud Secret Manager.","actionUri":"https://accounts.google.com/AccountChooser?continue=https%3A%2F%2Fconsole.cloud.google.com%2Fdeveloper-connect%2Ffinish-setup%3Fstate%3D%257B%2522connection%2522%253A%2B%2522projects%252Fmath-whiz-c5fo4%252Flocations%252Fasia-east1%252Fconnections%252Fapphosting-github-conn-5n1dndq%2522%257D"}}
[info] i  Please authorize the Firebase GitHub app by visiting this url: 
[info] i  	http://localhost:9005 
[debug] [2025-05-18T14:56:12.765Z] Checked if tokens are valid: true, expires at: 1747581314017
[debug] [2025-05-18T14:56:12.765Z] Checked if tokens are valid: true, expires at: 1747581314017
[debug] [2025-05-18T14:56:12.766Z] >>> [apiv2][query] GET https://developerconnect.googleapis.com/v1/projects/math-whiz-c5fo4/locations/asia-east1/connections/apphosting-github-conn-5n1dndq [none]
[debug] [2025-05-18T14:56:12.884Z] <<< [apiv2][status] GET https://developerconnect.googleapis.com/v1/projects/math-whiz-c5fo4/locations/asia-east1/connections/apphosting-github-conn-5n1dndq 200
[debug] [2025-05-18T14:56:12.885Z] <<< [apiv2][body] GET https://developerconnect.googleapis.com/v1/projects/math-whiz-c5fo4/locations/asia-east1/connections/apphosting-github-conn-5n1dndq {"name":"projects/math-whiz-c5fo4/locations/asia-east1/connections/apphosting-github-conn-5n1dndq","createTime":"2025-05-18T14:54:22.682712125Z","updateTime":"2025-05-18T14:54:22.721849009Z","githubConfig":{"githubApp":"FIREBASE"},"installationState":{"stage":"PENDING_USER_OAUTH","message":"Please log in to https://github.com using a robot account and then follow this link to authorize Developer Connect to access that account. After authorization, your GitHub authorization token will be stored in Cloud Secret Manager.","actionUri":"https://accounts.google.com/AccountChooser?continue=https%3A%2F%2Fconsole.cloud.google.com%2Fdeveloper-connect%2Ffinish-setup%3Fstate%3D%257B%2522connection%2522%253A%2B%2522projects%252Fmath-whiz-c5fo4%252Flocations%252Fasia-east1%252Fconnections%252Fapphosting-github-conn-5n1dndq%2522%257D"}}
[info] i  Please authorize the Firebase GitHub app by visiting this url: 
[info] i  	http://localhost:9005 
[debug] [2025-05-18T15:03:18.680Z] Checked if tokens are valid: false, expires at: 1747581314017
[debug] [2025-05-18T15:03:18.681Z] Checked if tokens are valid: false, expires at: 1747581314017
[debug] [2025-05-18T15:03:18.682Z] > refreshing access token with scopes: []
[debug] [2025-05-18T15:03:18.687Z] >>> [apiv2][query] POST https://www.googleapis.com/oauth2/v3/token [none]
[debug] [2025-05-18T15:03:18.688Z] >>> [apiv2][body] POST https://www.googleapis.com/oauth2/v3/token [omitted]
[debug] [2025-05-18T15:03:18.735Z] <<< [apiv2][status] POST https://www.googleapis.com/oauth2/v3/token 200
[debug] [2025-05-18T15:03:18.735Z] <<< [apiv2][body] POST https://www.googleapis.com/oauth2/v3/token [omitted]
[debug] [2025-05-18T15:03:18.754Z] >>> [apiv2][query] GET https://developerconnect.googleapis.com/v1/projects/math-whiz-c5fo4/locations/asia-east1/connections/apphosting-github-conn-5n1dndq [none]
[debug] [2025-05-18T15:03:18.843Z] <<< [apiv2][status] GET https://developerconnect.googleapis.com/v1/projects/math-whiz-c5fo4/locations/asia-east1/connections/apphosting-github-conn-5n1dndq 200
[debug] [2025-05-18T15:03:18.843Z] <<< [apiv2][body] GET https://developerconnect.googleapis.com/v1/projects/math-whiz-c5fo4/locations/asia-east1/connections/apphosting-github-conn-5n1dndq {"name":"projects/math-whiz-c5fo4/locations/asia-east1/connections/apphosting-github-conn-5n1dndq","createTime":"2025-05-18T14:54:22.682712125Z","updateTime":"2025-05-18T14:54:22.721849009Z","githubConfig":{"githubApp":"FIREBASE"},"installationState":{"stage":"PENDING_USER_OAUTH","message":"Please log in to https://github.com using a robot account and then follow this link to authorize Developer Connect to access that account. After authorization, your GitHub authorization token will be stored in Cloud Secret Manager.","actionUri":"https://accounts.google.com/AccountChooser?continue=https%3A%2F%2Fconsole.cloud.google.com%2Fdeveloper-connect%2Ffinish-setup%3Fstate%3D%257B%2522connection%2522%253A%2B%2522projects%252Fmath-whiz-c5fo4%252Flocations%252Fasia-east1%252Fconnections%252Fapphosting-github-conn-5n1dndq%2522%257D"}}
[info] i  Please authorize the Firebase GitHub app by visiting this url: 
[info] i  	http://localhost:9005 
[debug] [2025-05-18T15:06:31.854Z] Checked if tokens are valid: true, expires at: 1747584197736
[debug] [2025-05-18T15:06:31.854Z] Checked if tokens are valid: true, expires at: 1747584197736
[debug] [2025-05-18T15:06:31.854Z] >>> [apiv2][query] GET https://developerconnect.googleapis.com/v1/projects/math-whiz-c5fo4/locations/asia-east1/connections/apphosting-github-conn-5n1dndq [none]
[debug] [2025-05-18T15:06:31.940Z] <<< [apiv2][status] GET https://developerconnect.googleapis.com/v1/projects/math-whiz-c5fo4/locations/asia-east1/connections/apphosting-github-conn-5n1dndq 200
[debug] [2025-05-18T15:06:31.940Z] <<< [apiv2][body] GET https://developerconnect.googleapis.com/v1/projects/math-whiz-c5fo4/locations/asia-east1/connections/apphosting-github-conn-5n1dndq {"name":"projects/math-whiz-c5fo4/locations/asia-east1/connections/apphosting-github-conn-5n1dndq","createTime":"2025-05-18T14:54:22.682712125Z","updateTime":"2025-05-18T14:54:22.721849009Z","githubConfig":{"githubApp":"FIREBASE"},"installationState":{"stage":"PENDING_USER_OAUTH","message":"Please log in to https://github.com using a robot account and then follow this link to authorize Developer Connect to access that account. After authorization, your GitHub authorization token will be stored in Cloud Secret Manager.","actionUri":"https://accounts.google.com/AccountChooser?continue=https%3A%2F%2Fconsole.cloud.google.com%2Fdeveloper-connect%2Ffinish-setup%3Fstate%3D%257B%2522connection%2522%253A%2B%2522projects%252Fmath-whiz-c5fo4%252Flocations%252Fasia-east1%252Fconnections%252Fapphosting-github-conn-5n1dndq%2522%257D"}}
[info] i  Please authorize the Firebase GitHub app by visiting this url: 
[info] i  	http://localhost:9005 
[debug] [2025-05-18T15:07:00.781Z] Checked if tokens are valid: true, expires at: 1747584197736
[debug] [2025-05-18T15:07:00.781Z] Checked if tokens are valid: true, expires at: 1747584197736
[debug] [2025-05-18T15:07:00.781Z] >>> [apiv2][query] GET https://developerconnect.googleapis.com/v1/projects/math-whiz-c5fo4/locations/asia-east1/connections/apphosting-github-conn-5n1dndq [none]
[debug] [2025-05-18T15:07:00.824Z] <<< [apiv2][status] GET https://developerconnect.googleapis.com/v1/projects/math-whiz-c5fo4/locations/asia-east1/connections/apphosting-github-conn-5n1dndq 200
[debug] [2025-05-18T15:07:00.825Z] <<< [apiv2][body] GET https://developerconnect.googleapis.com/v1/projects/math-whiz-c5fo4/locations/asia-east1/connections/apphosting-github-conn-5n1dndq {"name":"projects/math-whiz-c5fo4/locations/asia-east1/connections/apphosting-github-conn-5n1dndq","createTime":"2025-05-18T14:54:22.682712125Z","updateTime":"2025-05-18T14:54:22.721849009Z","githubConfig":{"githubApp":"FIREBASE"},"installationState":{"stage":"PENDING_USER_OAUTH","message":"Please log in to https://github.com using a robot account and then follow this link to authorize Developer Connect to access that account. After authorization, your GitHub authorization token will be stored in Cloud Secret Manager.","actionUri":"https://accounts.google.com/AccountChooser?continue=https%3A%2F%2Fconsole.cloud.google.com%2Fdeveloper-connect%2Ffinish-setup%3Fstate%3D%257B%2522connection%2522%253A%2B%2522projects%252Fmath-whiz-c5fo4%252Flocations%252Fasia-east1%252Fconnections%252Fapphosting-github-conn-5n1dndq%2522%257D"}}
[info] i  Please authorize the Firebase GitHub app by visiting this url: 
[info] i  	http://localhost:9005 
[debug] [2025-05-18T15:30:34.464Z] Checked if tokens are valid: true, expires at: 1747584197736
[debug] [2025-05-18T15:30:34.465Z] Checked if tokens are valid: true, expires at: 1747584197736
[debug] [2025-05-18T15:30:34.466Z] >>> [apiv2][query] GET https://developerconnect.googleapis.com/v1/projects/math-whiz-c5fo4/locations/asia-east1/connections/apphosting-github-conn-5n1dndq [none]
[debug] [2025-05-18T15:30:34.560Z] <<< [apiv2][status] GET https://developerconnect.googleapis.com/v1/projects/math-whiz-c5fo4/locations/asia-east1/connections/apphosting-github-conn-5n1dndq 200
[debug] [2025-05-18T15:30:34.561Z] <<< [apiv2][body] GET https://developerconnect.googleapis.com/v1/projects/math-whiz-c5fo4/locations/asia-east1/connections/apphosting-github-conn-5n1dndq {"name":"projects/math-whiz-c5fo4/locations/asia-east1/connections/apphosting-github-conn-5n1dndq","createTime":"2025-05-18T14:54:22.682712125Z","updateTime":"2025-05-18T15:10:38.809171649Z","githubConfig":{"githubApp":"FIREBASE"},"installationState":{"stage":"PENDING_USER_OAUTH","message":"Please log in to https://github.com using a robot account and then follow this link to authorize Developer Connect to access that account. After authorization, your GitHub authorization token will be stored in Cloud Secret Manager.","actionUri":"https://accounts.google.com/AccountChooser?continue=https%3A%2F%2Fconsole.cloud.google.com%2Fdeveloper-connect%2Ffinish-setup%3Fstate%3D%257B%2522connection%2522%253A%2B%2522projects%252Fmath-whiz-c5fo4%252Flocations%252Fasia-east1%252Fconnections%252Fapphosting-github-conn-5n1dndq%2522%257D"}}
[info] i  Please authorize the Firebase GitHub app by visiting this url: 
[info] i  	http://localhost:9005 
[debug] [2025-05-18T15:40:32.856Z] Checked if tokens are valid: true, expires at: 1747584197736
[debug] [2025-05-18T15:40:32.856Z] Checked if tokens are valid: true, expires at: 1747584197736
[debug] [2025-05-18T15:40:32.857Z] >>> [apiv2][query] GET https://developerconnect.googleapis.com/v1/projects/math-whiz-c5fo4/locations/asia-east1/connections/apphosting-github-conn-5n1dndq [none]
[debug] [2025-05-18T15:40:32.945Z] <<< [apiv2][status] GET https://developerconnect.googleapis.com/v1/projects/math-whiz-c5fo4/locations/asia-east1/connections/apphosting-github-conn-5n1dndq 200
[debug] [2025-05-18T15:40:32.945Z] <<< [apiv2][body] GET https://developerconnect.googleapis.com/v1/projects/math-whiz-c5fo4/locations/asia-east1/connections/apphosting-github-conn-5n1dndq {"name":"projects/math-whiz-c5fo4/locations/asia-east1/connections/apphosting-github-conn-5n1dndq","createTime":"2025-05-18T14:54:22.682712125Z","updateTime":"2025-05-18T15:10:38.809171649Z","githubConfig":{"githubApp":"FIREBASE"},"installationState":{"stage":"PENDING_USER_OAUTH","message":"Please log in to https://github.com using a robot account and then follow this link to authorize Developer Connect to access that account. After authorization, your GitHub authorization token will be stored in Cloud Secret Manager.","actionUri":"https://accounts.google.com/AccountChooser?continue=https%3A%2F%2Fconsole.cloud.google.com%2Fdeveloper-connect%2Ffinish-setup%3Fstate%3D%257B%2522connection%2522%253A%2B%2522projects%252Fmath-whiz-c5fo4%252Flocations%252Fasia-east1%252Fconnections%252Fapphosting-github-conn-5n1dndq%2522%257D"}}
[info] i  Please authorize the Firebase GitHub app by visiting this url: 
[info] i  	http://localhost:9005 
[debug] [2025-05-18T16:00:56.855Z] Checked if tokens are valid: false, expires at: 1747584197736
[debug] [2025-05-18T16:00:56.856Z] Checked if tokens are valid: false, expires at: 1747584197736
[debug] [2025-05-18T16:00:56.856Z] > refreshing access token with scopes: []
[debug] [2025-05-18T16:00:56.857Z] >>> [apiv2][query] POST https://www.googleapis.com/oauth2/v3/token [none]
[debug] [2025-05-18T16:00:56.857Z] >>> [apiv2][body] POST https://www.googleapis.com/oauth2/v3/token [omitted]
[debug] [2025-05-18T16:00:56.912Z] <<< [apiv2][status] POST https://www.googleapis.com/oauth2/v3/token 200
[debug] [2025-05-18T16:00:56.912Z] <<< [apiv2][body] POST https://www.googleapis.com/oauth2/v3/token [omitted]
[debug] [2025-05-18T16:00:56.937Z] >>> [apiv2][query] GET https://developerconnect.googleapis.com/v1/projects/math-whiz-c5fo4/locations/asia-east1/connections/apphosting-github-conn-5n1dndq [none]
[debug] [2025-05-18T16:00:57.047Z] <<< [apiv2][status] GET https://developerconnect.googleapis.com/v1/projects/math-whiz-c5fo4/locations/asia-east1/connections/apphosting-github-conn-5n1dndq 200
[debug] [2025-05-18T16:00:57.047Z] <<< [apiv2][body] GET https://developerconnect.googleapis.com/v1/projects/math-whiz-c5fo4/locations/asia-east1/connections/apphosting-github-conn-5n1dndq {"name":"projects/math-whiz-c5fo4/locations/asia-east1/connections/apphosting-github-conn-5n1dndq","createTime":"2025-05-18T14:54:22.682712125Z","updateTime":"2025-05-18T15:10:38.809171649Z","githubConfig":{"githubApp":"FIREBASE"},"installationState":{"stage":"PENDING_USER_OAUTH","message":"Please log in to https://github.com using a robot account and then follow this link to authorize Developer Connect to access that account. After authorization, your GitHub authorization token will be stored in Cloud Secret Manager.","actionUri":"https://accounts.google.com/AccountChooser?continue=https%3A%2F%2Fconsole.cloud.google.com%2Fdeveloper-connect%2Ffinish-setup%3Fstate%3D%257B%2522connection%2522%253A%2B%2522projects%252Fmath-whiz-c5fo4%252Flocations%252Fasia-east1%252Fconnections%252Fapphosting-github-conn-5n1dndq%2522%257D"}}
[info] i  Please authorize the Firebase GitHub app by visiting this url: 
[info] i  	http://localhost:9005 
[debug] [2025-05-18T16:05:44.272Z] Checked if tokens are valid: true, expires at: 1747587655912
[debug] [2025-05-18T16:05:44.272Z] Checked if tokens are valid: true, expires at: 1747587655912
[debug] [2025-05-18T16:05:44.272Z] >>> [apiv2][query] GET https://developerconnect.googleapis.com/v1/projects/math-whiz-c5fo4/locations/asia-east1/connections/apphosting-github-conn-5n1dndq [none]
[debug] [2025-05-18T16:05:44.358Z] <<< [apiv2][status] GET https://developerconnect.googleapis.com/v1/projects/math-whiz-c5fo4/locations/asia-east1/connections/apphosting-github-conn-5n1dndq 200
[debug] [2025-05-18T16:05:44.358Z] <<< [apiv2][body] GET https://developerconnect.googleapis.com/v1/projects/math-whiz-c5fo4/locations/asia-east1/connections/apphosting-github-conn-5n1dndq {"name":"projects/math-whiz-c5fo4/locations/asia-east1/connections/apphosting-github-conn-5n1dndq","createTime":"2025-05-18T14:54:22.682712125Z","updateTime":"2025-05-18T15:10:38.809171649Z","githubConfig":{"githubApp":"FIREBASE"},"installationState":{"stage":"PENDING_USER_OAUTH","message":"Please log in to https://github.com using a robot account and then follow this link to authorize Developer Connect to access that account. After authorization, your GitHub authorization token will be stored in Cloud Secret Manager.","actionUri":"https://accounts.google.com/AccountChooser?continue=https%3A%2F%2Fconsole.cloud.google.com%2Fdeveloper-connect%2Ffinish-setup%3Fstate%3D%257B%2522connection%2522%253A%2B%2522projects%252Fmath-whiz-c5fo4%252Flocations%252Fasia-east1%252Fconnections%252Fapphosting-github-conn-5n1dndq%2522%257D"}}
[info] i  Please authorize the Firebase GitHub app by visiting this url: 
[info] i  	http://localhost:9005 
[debug] [2025-05-18T16:14:12.769Z] Checked if tokens are valid: true, expires at: 1747587655912
[debug] [2025-05-18T16:14:12.769Z] Checked if tokens are valid: true, expires at: 1747587655912
[debug] [2025-05-18T16:14:12.770Z] >>> [apiv2][query] GET https://developerconnect.googleapis.com/v1/projects/math-whiz-c5fo4/locations/asia-east1/connections/apphosting-github-conn-5n1dndq [none]
[debug] [2025-05-18T16:14:12.858Z] <<< [apiv2][status] GET https://developerconnect.googleapis.com/v1/projects/math-whiz-c5fo4/locations/asia-east1/connections/apphosting-github-conn-5n1dndq 200
[debug] [2025-05-18T16:14:12.858Z] <<< [apiv2][body] GET https://developerconnect.googleapis.com/v1/projects/math-whiz-c5fo4/locations/asia-east1/connections/apphosting-github-conn-5n1dndq {"name":"projects/math-whiz-c5fo4/locations/asia-east1/connections/apphosting-github-conn-5n1dndq","createTime":"2025-05-18T14:54:22.682712125Z","updateTime":"2025-05-18T15:10:38.809171649Z","githubConfig":{"githubApp":"FIREBASE"},"installationState":{"stage":"PENDING_USER_OAUTH","message":"Please log in to https://github.com using a robot account and then follow this link to authorize Developer Connect to access that account. After authorization, your GitHub authorization token will be stored in Cloud Secret Manager.","actionUri":"https://accounts.google.com/AccountChooser?continue=https%3A%2F%2Fconsole.cloud.google.com%2Fdeveloper-connect%2Ffinish-setup%3Fstate%3D%257B%2522connection%2522%253A%2B%2522projects%252Fmath-whiz-c5fo4%252Flocations%252Fasia-east1%252Fconnections%252Fapphosting-github-conn-5n1dndq%2522%257D"}}
[info] i  Please authorize the Firebase GitHub app by visiting this url: 
[info] i  	http://localhost:9005 
[debug] [2025-05-18T16:16:35.751Z] Checked if tokens are valid: true, expires at: 1747587655912
[debug] [2025-05-18T16:16:35.752Z] Checked if tokens are valid: true, expires at: 1747587655912
[debug] [2025-05-18T16:16:35.752Z] >>> [apiv2][query] GET https://developerconnect.googleapis.com/v1/projects/math-whiz-c5fo4/locations/asia-east1/connections/apphosting-github-conn-5n1dndq [none]
[debug] [2025-05-18T16:16:35.958Z] <<< [apiv2][status] GET https://developerconnect.googleapis.com/v1/projects/math-whiz-c5fo4/locations/asia-east1/connections/apphosting-github-conn-5n1dndq 200
[debug] [2025-05-18T16:16:35.958Z] <<< [apiv2][body] GET https://developerconnect.googleapis.com/v1/projects/math-whiz-c5fo4/locations/asia-east1/connections/apphosting-github-conn-5n1dndq {"name":"projects/math-whiz-c5fo4/locations/asia-east1/connections/apphosting-github-conn-5n1dndq","createTime":"2025-05-18T14:54:22.682712125Z","updateTime":"2025-05-18T15:10:38.809171649Z","githubConfig":{"githubApp":"FIREBASE"},"installationState":{"stage":"PENDING_USER_OAUTH","message":"Please log in to https://github.com using a robot account and then follow this link to authorize Developer Connect to access that account. After authorization, your GitHub authorization token will be stored in Cloud Secret Manager.","actionUri":"https://accounts.google.com/AccountChooser?continue=https%3A%2F%2Fconsole.cloud.google.com%2Fdeveloper-connect%2Ffinish-setup%3Fstate%3D%257B%2522connection%2522%253A%2B%2522projects%252Fmath-whiz-c5fo4%252Flocations%252Fasia-east1%252Fconnections%252Fapphosting-github-conn-5n1dndq%2522%257D"}}
[info] i  Please authorize the Firebase GitHub app by visiting this url: 
[info] i  	http://localhost:9005 
